[2014-06-29 14:06:57,148][INFO ][node                     ] [Ulik] version[1.1.0], pid[1696], build[2181e11/2014-03-25T15:59:51Z]
[2014-06-29 14:06:57,149][INFO ][node                     ] [Ulik] initializing ...
[2014-06-29 14:06:57,174][INFO ][plugins                  ] [Ulik] loaded [], sites []
[2014-06-29 14:07:00,145][INFO ][node                     ] [Ulik] initialized
[2014-06-29 14:07:00,146][INFO ][node                     ] [Ulik] starting ...
[2014-06-29 14:07:00,251][INFO ][transport                ] [Ulik] bound_address {inet[/0:0:0:0:0:0:0:0:9300]}, publish_address {inet[/192.168.1.13:9300]}
[2014-06-29 14:07:03,302][INFO ][cluster.service          ] [Ulik] new_master [Ulik][u3WbB1oQQRCtmOeFcuACMA][mbp-de-quentin.home][inet[/192.168.1.13:9300]], reason: zen-disco-join (elected_as_master)
[2014-06-29 14:07:03,330][INFO ][discovery                ] [Ulik] elasticsearch/u3WbB1oQQRCtmOeFcuACMA
[2014-06-29 14:07:03,348][INFO ][http                     ] [Ulik] bound_address {inet[/0:0:0:0:0:0:0:0:9200]}, publish_address {inet[/192.168.1.13:9200]}
[2014-06-29 14:07:03,983][INFO ][gateway                  ] [Ulik] recovered [1] indices into cluster_state
[2014-06-29 14:07:03,985][INFO ][node                     ] [Ulik] started
[2014-06-29 14:09:04,948][INFO ][cluster.metadata         ] [Ulik] [epsi] deleting index
[2014-06-29 14:09:13,875][INFO ][cluster.metadata         ] [Ulik] [epsi] creating index, cause [auto(index api)], shards [5]/[1], mappings []
[2014-06-29 14:09:14,024][INFO ][cluster.metadata         ] [Ulik] [epsi] update_mapping [memories] (dynamic)
[2014-06-29 14:10:40,523][INFO ][cluster.metadata         ] [Ulik] [epsi] deleting index
[2014-06-29 14:10:47,450][INFO ][cluster.metadata         ] [Ulik] [epsi] creating index, cause [auto(index api)], shards [5]/[1], mappings []
[2014-06-29 14:10:47,587][INFO ][cluster.metadata         ] [Ulik] [epsi] update_mapping [memories] (dynamic)
[2014-06-29 14:11:18,863][INFO ][cluster.metadata         ] [Ulik] [epsi] deleting index
[2014-06-29 14:11:26,460][INFO ][cluster.metadata         ] [Ulik] [epsi] creating index, cause [auto(index api)], shards [5]/[1], mappings []
[2014-06-29 14:11:26,597][INFO ][cluster.metadata         ] [Ulik] [epsi] update_mapping [memories] (dynamic)
[2014-06-29 14:13:55,505][INFO ][cluster.metadata         ] [Ulik] [epsi] deleting index
[2014-06-29 14:13:59,026][INFO ][cluster.metadata         ] [Ulik] [epsi] creating index, cause [auto(index api)], shards [5]/[1], mappings []
[2014-06-29 14:13:59,137][INFO ][cluster.metadata         ] [Ulik] [epsi] update_mapping [memories] (dynamic)
[2014-06-29 14:16:05,696][INFO ][cluster.metadata         ] [Ulik] [epsi] deleting index
[2014-06-29 14:16:11,115][INFO ][cluster.metadata         ] [Ulik] [epsi] creating index, cause [auto(index api)], shards [5]/[1], mappings []
[2014-06-29 14:16:11,237][INFO ][cluster.metadata         ] [Ulik] [epsi] update_mapping [memories] (dynamic)
[2014-06-29 14:27:27,635][DEBUG][action.search.type       ] [Ulik] [epsi][4], node[u3WbB1oQQRCtmOeFcuACMA], [P], s[STARTED]: Failed to execute [org.elasticsearch.action.search.SearchRequest@3d3df9d8] lastShard [true]
org.elasticsearch.search.SearchParseException: [epsi][4]: from[-1],size[-1]: Parse Failure [Failed to parse source [_na_]]
	at org.elasticsearch.search.SearchService.parseSource(SearchService.java:634)
	at org.elasticsearch.search.SearchService.createContext(SearchService.java:507)
	at org.elasticsearch.search.SearchService.createAndPutContext(SearchService.java:480)
	at org.elasticsearch.search.SearchService.executeQueryPhase(SearchService.java:252)
	at org.elasticsearch.search.action.SearchServiceTransportAction.sendExecuteQuery(SearchServiceTransportAction.java:202)
	at org.elasticsearch.action.search.type.TransportSearchQueryThenFetchAction$AsyncAction.sendExecuteFirstPhase(TransportSearchQueryThenFetchAction.java:80)
	at org.elasticsearch.action.search.type.TransportSearchTypeAction$BaseAsyncAction.performFirstPhase(TransportSearchTypeAction.java:216)
	at org.elasticsearch.action.search.type.TransportSearchTypeAction$BaseAsyncAction.performFirstPhase(TransportSearchTypeAction.java:203)
	at org.elasticsearch.action.search.type.TransportSearchTypeAction$BaseAsyncAction$2.run(TransportSearchTypeAction.java:186)
	at java.util.concurrent.ThreadPoolExecutor.runWorker(ThreadPoolExecutor.java:1145)
	at java.util.concurrent.ThreadPoolExecutor$Worker.run(ThreadPoolExecutor.java:615)
	at java.lang.Thread.run(Thread.java:724)
Caused by: org.elasticsearch.ElasticsearchParseException: Failed to derive xcontent from org.elasticsearch.common.bytes.ChannelBufferBytesReference@3c98239
	at org.elasticsearch.common.xcontent.XContentFactory.xContent(XContentFactory.java:234)
	at org.elasticsearch.search.SearchService.parseSource(SearchService.java:612)
	... 11 more
[2014-06-29 14:27:27,635][DEBUG][action.search.type       ] [Ulik] [epsi][2], node[u3WbB1oQQRCtmOeFcuACMA], [P], s[STARTED]: Failed to execute [org.elasticsearch.action.search.SearchRequest@3d3df9d8] lastShard [true]
org.elasticsearch.search.SearchParseException: [epsi][2]: from[-1],size[-1]: Parse Failure [Failed to parse source [_na_]]
	at org.elasticsearch.search.SearchService.parseSource(SearchService.java:634)
	at org.elasticsearch.search.SearchService.createContext(SearchService.java:507)
	at org.elasticsearch.search.SearchService.createAndPutContext(SearchService.java:480)
	at org.elasticsearch.search.SearchService.executeQueryPhase(SearchService.java:252)
	at org.elasticsearch.search.action.SearchServiceTransportAction.sendExecuteQuery(SearchServiceTransportAction.java:202)
	at org.elasticsearch.action.search.type.TransportSearchQueryThenFetchAction$AsyncAction.sendExecuteFirstPhase(TransportSearchQueryThenFetchAction.java:80)
	at org.elasticsearch.action.search.type.TransportSearchTypeAction$BaseAsyncAction.performFirstPhase(TransportSearchTypeAction.java:216)
	at org.elasticsearch.action.search.type.TransportSearchTypeAction$BaseAsyncAction.performFirstPhase(TransportSearchTypeAction.java:203)
	at org.elasticsearch.action.search.type.TransportSearchTypeAction$BaseAsyncAction$2.run(TransportSearchTypeAction.java:186)
	at java.util.concurrent.ThreadPoolExecutor.runWorker(ThreadPoolExecutor.java:1145)
	at java.util.concurrent.ThreadPoolExecutor$Worker.run(ThreadPoolExecutor.java:615)
	at java.lang.Thread.run(Thread.java:724)
Caused by: org.elasticsearch.ElasticsearchParseException: Failed to derive xcontent from org.elasticsearch.common.bytes.ChannelBufferBytesReference@3c98239
	at org.elasticsearch.common.xcontent.XContentFactory.xContent(XContentFactory.java:234)
	at org.elasticsearch.search.SearchService.parseSource(SearchService.java:612)
	... 11 more
[2014-06-29 14:27:27,635][DEBUG][action.search.type       ] [Ulik] [epsi][0], node[u3WbB1oQQRCtmOeFcuACMA], [P], s[STARTED]: Failed to execute [org.elasticsearch.action.search.SearchRequest@3d3df9d8] lastShard [true]
org.elasticsearch.search.SearchParseException: [epsi][0]: from[-1],size[-1]: Parse Failure [Failed to parse source [_na_]]
	at org.elasticsearch.search.SearchService.parseSource(SearchService.java:634)
	at org.elasticsearch.search.SearchService.createContext(SearchService.java:507)
	at org.elasticsearch.search.SearchService.createAndPutContext(SearchService.java:480)
	at org.elasticsearch.search.SearchService.executeQueryPhase(SearchService.java:252)
	at org.elasticsearch.search.action.SearchServiceTransportAction.sendExecuteQuery(SearchServiceTransportAction.java:202)
	at org.elasticsearch.action.search.type.TransportSearchQueryThenFetchAction$AsyncAction.sendExecuteFirstPhase(TransportSearchQueryThenFetchAction.java:80)
	at org.elasticsearch.action.search.type.TransportSearchTypeAction$BaseAsyncAction.performFirstPhase(TransportSearchTypeAction.java:216)
	at org.elasticsearch.action.search.type.TransportSearchTypeAction$BaseAsyncAction.performFirstPhase(TransportSearchTypeAction.java:203)
	at org.elasticsearch.action.search.type.TransportSearchTypeAction$BaseAsyncAction$2.run(TransportSearchTypeAction.java:186)
	at java.util.concurrent.ThreadPoolExecutor.runWorker(ThreadPoolExecutor.java:1145)
	at java.util.concurrent.ThreadPoolExecutor$Worker.run(ThreadPoolExecutor.java:615)
	at java.lang.Thread.run(Thread.java:724)
Caused by: org.elasticsearch.ElasticsearchParseException: Failed to derive xcontent from org.elasticsearch.common.bytes.ChannelBufferBytesReference@3c98239
	at org.elasticsearch.common.xcontent.XContentFactory.xContent(XContentFactory.java:234)
	at org.elasticsearch.search.SearchService.parseSource(SearchService.java:612)
	... 11 more
[2014-06-29 14:27:27,635][DEBUG][action.search.type       ] [Ulik] [epsi][1], node[u3WbB1oQQRCtmOeFcuACMA], [P], s[STARTED]: Failed to execute [org.elasticsearch.action.search.SearchRequest@3d3df9d8]
org.elasticsearch.search.SearchParseException: [epsi][1]: from[-1],size[-1]: Parse Failure [Failed to parse source [_na_]]
	at org.elasticsearch.search.SearchService.parseSource(SearchService.java:634)
	at org.elasticsearch.search.SearchService.createContext(SearchService.java:507)
	at org.elasticsearch.search.SearchService.createAndPutContext(SearchService.java:480)
	at org.elasticsearch.search.SearchService.executeQueryPhase(SearchService.java:252)
	at org.elasticsearch.search.action.SearchServiceTransportAction.sendExecuteQuery(SearchServiceTransportAction.java:202)
	at org.elasticsearch.action.search.type.TransportSearchQueryThenFetchAction$AsyncAction.sendExecuteFirstPhase(TransportSearchQueryThenFetchAction.java:80)
	at org.elasticsearch.action.search.type.TransportSearchTypeAction$BaseAsyncAction.performFirstPhase(TransportSearchTypeAction.java:216)
	at org.elasticsearch.action.search.type.TransportSearchTypeAction$BaseAsyncAction.performFirstPhase(TransportSearchTypeAction.java:203)
	at org.elasticsearch.action.search.type.TransportSearchTypeAction$BaseAsyncAction$2.run(TransportSearchTypeAction.java:186)
	at java.util.concurrent.ThreadPoolExecutor.runWorker(ThreadPoolExecutor.java:1145)
	at java.util.concurrent.ThreadPoolExecutor$Worker.run(ThreadPoolExecutor.java:615)
	at java.lang.Thread.run(Thread.java:724)
Caused by: org.elasticsearch.ElasticsearchParseException: Failed to derive xcontent from org.elasticsearch.common.bytes.ChannelBufferBytesReference@3c98239
	at org.elasticsearch.common.xcontent.XContentFactory.xContent(XContentFactory.java:234)
	at org.elasticsearch.search.SearchService.parseSource(SearchService.java:612)
	... 11 more
[2014-06-29 14:27:27,635][DEBUG][action.search.type       ] [Ulik] [epsi][3], node[u3WbB1oQQRCtmOeFcuACMA], [P], s[STARTED]: Failed to execute [org.elasticsearch.action.search.SearchRequest@3d3df9d8] lastShard [true]
org.elasticsearch.search.SearchParseException: [epsi][3]: from[-1],size[-1]: Parse Failure [Failed to parse source [_na_]]
	at org.elasticsearch.search.SearchService.parseSource(SearchService.java:634)
	at org.elasticsearch.search.SearchService.createContext(SearchService.java:507)
	at org.elasticsearch.search.SearchService.createAndPutContext(SearchService.java:480)
	at org.elasticsearch.search.SearchService.executeQueryPhase(SearchService.java:252)
	at org.elasticsearch.search.action.SearchServiceTransportAction.sendExecuteQuery(SearchServiceTransportAction.java:202)
	at org.elasticsearch.action.search.type.TransportSearchQueryThenFetchAction$AsyncAction.sendExecuteFirstPhase(TransportSearchQueryThenFetchAction.java:80)
	at org.elasticsearch.action.search.type.TransportSearchTypeAction$BaseAsyncAction.performFirstPhase(TransportSearchTypeAction.java:216)
	at org.elasticsearch.action.search.type.TransportSearchTypeAction$BaseAsyncAction.performFirstPhase(TransportSearchTypeAction.java:203)
	at org.elasticsearch.action.search.type.TransportSearchTypeAction$BaseAsyncAction$2.run(TransportSearchTypeAction.java:186)
	at java.util.concurrent.ThreadPoolExecutor.runWorker(ThreadPoolExecutor.java:1145)
	at java.util.concurrent.ThreadPoolExecutor$Worker.run(ThreadPoolExecutor.java:615)
	at java.lang.Thread.run(Thread.java:724)
Caused by: org.elasticsearch.ElasticsearchParseException: Failed to derive xcontent from org.elasticsearch.common.bytes.ChannelBufferBytesReference@3c98239
	at org.elasticsearch.common.xcontent.XContentFactory.xContent(XContentFactory.java:234)
	at org.elasticsearch.search.SearchService.parseSource(SearchService.java:612)
	... 11 more
[2014-06-29 14:27:27,642][DEBUG][action.search.type       ] [Ulik] All shards failed for phase: [query]
[2014-06-29 14:28:17,372][DEBUG][action.search.type       ] [Ulik] [epsi][4], node[u3WbB1oQQRCtmOeFcuACMA], [P], s[STARTED]: Failed to execute [org.elasticsearch.action.search.SearchRequest@6afdc6da] lastShard [true]
org.elasticsearch.search.SearchParseException: [epsi][4]: from[-1],size[-1]: Parse Failure [Failed to parse source [_na_]]
	at org.elasticsearch.search.SearchService.parseSource(SearchService.java:634)
	at org.elasticsearch.search.SearchService.createContext(SearchService.java:507)
	at org.elasticsearch.search.SearchService.createAndPutContext(SearchService.java:480)
	at org.elasticsearch.search.SearchService.executeQueryPhase(SearchService.java:252)
	at org.elasticsearch.search.action.SearchServiceTransportAction.sendExecuteQuery(SearchServiceTransportAction.java:202)
	at org.elasticsearch.action.search.type.TransportSearchQueryThenFetchAction$AsyncAction.sendExecuteFirstPhase(TransportSearchQueryThenFetchAction.java:80)
	at org.elasticsearch.action.search.type.TransportSearchTypeAction$BaseAsyncAction.performFirstPhase(TransportSearchTypeAction.java:216)
	at org.elasticsearch.action.search.type.TransportSearchTypeAction$BaseAsyncAction.performFirstPhase(TransportSearchTypeAction.java:203)
	at org.elasticsearch.action.search.type.TransportSearchTypeAction$BaseAsyncAction$2.run(TransportSearchTypeAction.java:186)
	at java.util.concurrent.ThreadPoolExecutor.runWorker(ThreadPoolExecutor.java:1145)
	at java.util.concurrent.ThreadPoolExecutor$Worker.run(ThreadPoolExecutor.java:615)
	at java.lang.Thread.run(Thread.java:724)
Caused by: org.elasticsearch.ElasticsearchParseException: Failed to derive xcontent from org.elasticsearch.common.bytes.ChannelBufferBytesReference@3c98239
	at org.elasticsearch.common.xcontent.XContentFactory.xContent(XContentFactory.java:234)
	at org.elasticsearch.search.SearchService.parseSource(SearchService.java:612)
	... 11 more
[2014-06-29 14:28:17,372][DEBUG][action.search.type       ] [Ulik] [epsi][0], node[u3WbB1oQQRCtmOeFcuACMA], [P], s[STARTED]: Failed to execute [org.elasticsearch.action.search.SearchRequest@6afdc6da] lastShard [true]
org.elasticsearch.search.SearchParseException: [epsi][0]: from[-1],size[-1]: Parse Failure [Failed to parse source [_na_]]
	at org.elasticsearch.search.SearchService.parseSource(SearchService.java:634)
	at org.elasticsearch.search.SearchService.createContext(SearchService.java:507)
	at org.elasticsearch.search.SearchService.createAndPutContext(SearchService.java:480)
	at org.elasticsearch.search.SearchService.executeQueryPhase(SearchService.java:252)
	at org.elasticsearch.search.action.SearchServiceTransportAction.sendExecuteQuery(SearchServiceTransportAction.java:202)
	at org.elasticsearch.action.search.type.TransportSearchQueryThenFetchAction$AsyncAction.sendExecuteFirstPhase(TransportSearchQueryThenFetchAction.java:80)
	at org.elasticsearch.action.search.type.TransportSearchTypeAction$BaseAsyncAction.performFirstPhase(TransportSearchTypeAction.java:216)
	at org.elasticsearch.action.search.type.TransportSearchTypeAction$BaseAsyncAction.performFirstPhase(TransportSearchTypeAction.java:203)
	at org.elasticsearch.action.search.type.TransportSearchTypeAction$BaseAsyncAction$2.run(TransportSearchTypeAction.java:186)
	at java.util.concurrent.ThreadPoolExecutor.runWorker(ThreadPoolExecutor.java:1145)
	at java.util.concurrent.ThreadPoolExecutor$Worker.run(ThreadPoolExecutor.java:615)
	at java.lang.Thread.run(Thread.java:724)
Caused by: org.elasticsearch.ElasticsearchParseException: Failed to derive xcontent from org.elasticsearch.common.bytes.ChannelBufferBytesReference@3c98239
	at org.elasticsearch.common.xcontent.XContentFactory.xContent(XContentFactory.java:234)
	at org.elasticsearch.search.SearchService.parseSource(SearchService.java:612)
	... 11 more
[2014-06-29 14:28:17,372][DEBUG][action.search.type       ] [Ulik] [epsi][1], node[u3WbB1oQQRCtmOeFcuACMA], [P], s[STARTED]: Failed to execute [org.elasticsearch.action.search.SearchRequest@6afdc6da] lastShard [true]
org.elasticsearch.search.SearchParseException: [epsi][1]: from[-1],size[-1]: Parse Failure [Failed to parse source [_na_]]
	at org.elasticsearch.search.SearchService.parseSource(SearchService.java:634)
	at org.elasticsearch.search.SearchService.createContext(SearchService.java:507)
	at org.elasticsearch.search.SearchService.createAndPutContext(SearchService.java:480)
	at org.elasticsearch.search.SearchService.executeQueryPhase(SearchService.java:252)
	at org.elasticsearch.search.action.SearchServiceTransportAction.sendExecuteQuery(SearchServiceTransportAction.java:202)
	at org.elasticsearch.action.search.type.TransportSearchQueryThenFetchAction$AsyncAction.sendExecuteFirstPhase(TransportSearchQueryThenFetchAction.java:80)
	at org.elasticsearch.action.search.type.TransportSearchTypeAction$BaseAsyncAction.performFirstPhase(TransportSearchTypeAction.java:216)
	at org.elasticsearch.action.search.type.TransportSearchTypeAction$BaseAsyncAction.performFirstPhase(TransportSearchTypeAction.java:203)
	at org.elasticsearch.action.search.type.TransportSearchTypeAction$BaseAsyncAction$2.run(TransportSearchTypeAction.java:186)
	at java.util.concurrent.ThreadPoolExecutor.runWorker(ThreadPoolExecutor.java:1145)
	at java.util.concurrent.ThreadPoolExecutor$Worker.run(ThreadPoolExecutor.java:615)
	at java.lang.Thread.run(Thread.java:724)
Caused by: org.elasticsearch.ElasticsearchParseException: Failed to derive xcontent from org.elasticsearch.common.bytes.ChannelBufferBytesReference@3c98239
	at org.elasticsearch.common.xcontent.XContentFactory.xContent(XContentFactory.java:234)
	at org.elasticsearch.search.SearchService.parseSource(SearchService.java:612)
	... 11 more
[2014-06-29 14:28:17,372][DEBUG][action.search.type       ] [Ulik] [epsi][2], node[u3WbB1oQQRCtmOeFcuACMA], [P], s[STARTED]: Failed to execute [org.elasticsearch.action.search.SearchRequest@6afdc6da] lastShard [true]
org.elasticsearch.search.SearchParseException: [epsi][2]: from[-1],size[-1]: Parse Failure [Failed to parse source [_na_]]
	at org.elasticsearch.search.SearchService.parseSource(SearchService.java:634)
	at org.elasticsearch.search.SearchService.createContext(SearchService.java:507)
	at org.elasticsearch.search.SearchService.createAndPutContext(SearchService.java:480)
	at org.elasticsearch.search.SearchService.executeQueryPhase(SearchService.java:252)
	at org.elasticsearch.search.action.SearchServiceTransportAction.sendExecuteQuery(SearchServiceTransportAction.java:202)
	at org.elasticsearch.action.search.type.TransportSearchQueryThenFetchAction$AsyncAction.sendExecuteFirstPhase(TransportSearchQueryThenFetchAction.java:80)
	at org.elasticsearch.action.search.type.TransportSearchTypeAction$BaseAsyncAction.performFirstPhase(TransportSearchTypeAction.java:216)
	at org.elasticsearch.action.search.type.TransportSearchTypeAction$BaseAsyncAction.performFirstPhase(TransportSearchTypeAction.java:203)
	at org.elasticsearch.action.search.type.TransportSearchTypeAction$BaseAsyncAction$2.run(TransportSearchTypeAction.java:186)
	at java.util.concurrent.ThreadPoolExecutor.runWorker(ThreadPoolExecutor.java:1145)
	at java.util.concurrent.ThreadPoolExecutor$Worker.run(ThreadPoolExecutor.java:615)
	at java.lang.Thread.run(Thread.java:724)
Caused by: org.elasticsearch.ElasticsearchParseException: Failed to derive xcontent from org.elasticsearch.common.bytes.ChannelBufferBytesReference@3c98239
	at org.elasticsearch.common.xcontent.XContentFactory.xContent(XContentFactory.java:234)
	at org.elasticsearch.search.SearchService.parseSource(SearchService.java:612)
	... 11 more
[2014-06-29 14:28:17,372][DEBUG][action.search.type       ] [Ulik] [epsi][3], node[u3WbB1oQQRCtmOeFcuACMA], [P], s[STARTED]: Failed to execute [org.elasticsearch.action.search.SearchRequest@6afdc6da]
org.elasticsearch.search.SearchParseException: [epsi][3]: from[-1],size[-1]: Parse Failure [Failed to parse source [_na_]]
	at org.elasticsearch.search.SearchService.parseSource(SearchService.java:634)
	at org.elasticsearch.search.SearchService.createContext(SearchService.java:507)
	at org.elasticsearch.search.SearchService.createAndPutContext(SearchService.java:480)
	at org.elasticsearch.search.SearchService.executeQueryPhase(SearchService.java:252)
	at org.elasticsearch.search.action.SearchServiceTransportAction.sendExecuteQuery(SearchServiceTransportAction.java:202)
	at org.elasticsearch.action.search.type.TransportSearchQueryThenFetchAction$AsyncAction.sendExecuteFirstPhase(TransportSearchQueryThenFetchAction.java:80)
	at org.elasticsearch.action.search.type.TransportSearchTypeAction$BaseAsyncAction.performFirstPhase(TransportSearchTypeAction.java:216)
	at org.elasticsearch.action.search.type.TransportSearchTypeAction$BaseAsyncAction.performFirstPhase(TransportSearchTypeAction.java:203)
	at org.elasticsearch.action.search.type.TransportSearchTypeAction$BaseAsyncAction$2.run(TransportSearchTypeAction.java:186)
	at java.util.concurrent.ThreadPoolExecutor.runWorker(ThreadPoolExecutor.java:1145)
	at java.util.concurrent.ThreadPoolExecutor$Worker.run(ThreadPoolExecutor.java:615)
	at java.lang.Thread.run(Thread.java:724)
Caused by: org.elasticsearch.ElasticsearchParseException: Failed to derive xcontent from org.elasticsearch.common.bytes.ChannelBufferBytesReference@3c98239
	at org.elasticsearch.common.xcontent.XContentFactory.xContent(XContentFactory.java:234)
	at org.elasticsearch.search.SearchService.parseSource(SearchService.java:612)
	... 11 more
[2014-06-29 14:28:17,375][DEBUG][action.search.type       ] [Ulik] All shards failed for phase: [query]
[2014-06-29 14:28:19,180][DEBUG][action.search.type       ] [Ulik] [epsi][0], node[u3WbB1oQQRCtmOeFcuACMA], [P], s[STARTED]: Failed to execute [org.elasticsearch.action.search.SearchRequest@1aecdfce] lastShard [true]
org.elasticsearch.search.SearchParseException: [epsi][0]: from[-1],size[-1]: Parse Failure [Failed to parse source [_na_]]
	at org.elasticsearch.search.SearchService.parseSource(SearchService.java:634)
	at org.elasticsearch.search.SearchService.createContext(SearchService.java:507)
	at org.elasticsearch.search.SearchService.createAndPutContext(SearchService.java:480)
	at org.elasticsearch.search.SearchService.executeQueryPhase(SearchService.java:252)
	at org.elasticsearch.search.action.SearchServiceTransportAction.sendExecuteQuery(SearchServiceTransportAction.java:202)
	at org.elasticsearch.action.search.type.TransportSearchQueryThenFetchAction$AsyncAction.sendExecuteFirstPhase(TransportSearchQueryThenFetchAction.java:80)
	at org.elasticsearch.action.search.type.TransportSearchTypeAction$BaseAsyncAction.performFirstPhase(TransportSearchTypeAction.java:216)
	at org.elasticsearch.action.search.type.TransportSearchTypeAction$BaseAsyncAction.performFirstPhase(TransportSearchTypeAction.java:203)
	at org.elasticsearch.action.search.type.TransportSearchTypeAction$BaseAsyncAction$2.run(TransportSearchTypeAction.java:186)
	at java.util.concurrent.ThreadPoolExecutor.runWorker(ThreadPoolExecutor.java:1145)
	at java.util.concurrent.ThreadPoolExecutor$Worker.run(ThreadPoolExecutor.java:615)
	at java.lang.Thread.run(Thread.java:724)
Caused by: org.elasticsearch.ElasticsearchParseException: Failed to derive xcontent from org.elasticsearch.common.bytes.ChannelBufferBytesReference@3c98239
	at org.elasticsearch.common.xcontent.XContentFactory.xContent(XContentFactory.java:234)
	at org.elasticsearch.search.SearchService.parseSource(SearchService.java:612)
	... 11 more
[2014-06-29 14:28:19,180][DEBUG][action.search.type       ] [Ulik] [epsi][3], node[u3WbB1oQQRCtmOeFcuACMA], [P], s[STARTED]: Failed to execute [org.elasticsearch.action.search.SearchRequest@1aecdfce] lastShard [true]
org.elasticsearch.search.SearchParseException: [epsi][3]: from[-1],size[-1]: Parse Failure [Failed to parse source [_na_]]
	at org.elasticsearch.search.SearchService.parseSource(SearchService.java:634)
	at org.elasticsearch.search.SearchService.createContext(SearchService.java:507)
	at org.elasticsearch.search.SearchService.createAndPutContext(SearchService.java:480)
	at org.elasticsearch.search.SearchService.executeQueryPhase(SearchService.java:252)
	at org.elasticsearch.search.action.SearchServiceTransportAction.sendExecuteQuery(SearchServiceTransportAction.java:202)
	at org.elasticsearch.action.search.type.TransportSearchQueryThenFetchAction$AsyncAction.sendExecuteFirstPhase(TransportSearchQueryThenFetchAction.java:80)
	at org.elasticsearch.action.search.type.TransportSearchTypeAction$BaseAsyncAction.performFirstPhase(TransportSearchTypeAction.java:216)
	at org.elasticsearch.action.search.type.TransportSearchTypeAction$BaseAsyncAction.performFirstPhase(TransportSearchTypeAction.java:203)
	at org.elasticsearch.action.search.type.TransportSearchTypeAction$BaseAsyncAction$2.run(TransportSearchTypeAction.java:186)
	at java.util.concurrent.ThreadPoolExecutor.runWorker(ThreadPoolExecutor.java:1145)
	at java.util.concurrent.ThreadPoolExecutor$Worker.run(ThreadPoolExecutor.java:615)
	at java.lang.Thread.run(Thread.java:724)
Caused by: org.elasticsearch.ElasticsearchParseException: Failed to derive xcontent from org.elasticsearch.common.bytes.ChannelBufferBytesReference@3c98239
	at org.elasticsearch.common.xcontent.XContentFactory.xContent(XContentFactory.java:234)
	at org.elasticsearch.search.SearchService.parseSource(SearchService.java:612)
	... 11 more
[2014-06-29 14:28:19,180][DEBUG][action.search.type       ] [Ulik] [epsi][1], node[u3WbB1oQQRCtmOeFcuACMA], [P], s[STARTED]: Failed to execute [org.elasticsearch.action.search.SearchRequest@1aecdfce]
org.elasticsearch.search.SearchParseException: [epsi][1]: from[-1],size[-1]: Parse Failure [Failed to parse source [_na_]]
	at org.elasticsearch.search.SearchService.parseSource(SearchService.java:634)
	at org.elasticsearch.search.SearchService.createContext(SearchService.java:507)
	at org.elasticsearch.search.SearchService.createAndPutContext(SearchService.java:480)
	at org.elasticsearch.search.SearchService.executeQueryPhase(SearchService.java:252)
	at org.elasticsearch.search.action.SearchServiceTransportAction.sendExecuteQuery(SearchServiceTransportAction.java:202)
	at org.elasticsearch.action.search.type.TransportSearchQueryThenFetchAction$AsyncAction.sendExecuteFirstPhase(TransportSearchQueryThenFetchAction.java:80)
	at org.elasticsearch.action.search.type.TransportSearchTypeAction$BaseAsyncAction.performFirstPhase(TransportSearchTypeAction.java:216)
	at org.elasticsearch.action.search.type.TransportSearchTypeAction$BaseAsyncAction.performFirstPhase(TransportSearchTypeAction.java:203)
	at org.elasticsearch.action.search.type.TransportSearchTypeAction$BaseAsyncAction$2.run(TransportSearchTypeAction.java:186)
	at java.util.concurrent.ThreadPoolExecutor.runWorker(ThreadPoolExecutor.java:1145)
	at java.util.concurrent.ThreadPoolExecutor$Worker.run(ThreadPoolExecutor.java:615)
	at java.lang.Thread.run(Thread.java:724)
Caused by: org.elasticsearch.ElasticsearchParseException: Failed to derive xcontent from org.elasticsearch.common.bytes.ChannelBufferBytesReference@3c98239
	at org.elasticsearch.common.xcontent.XContentFactory.xContent(XContentFactory.java:234)
	at org.elasticsearch.search.SearchService.parseSource(SearchService.java:612)
	... 11 more
[2014-06-29 14:28:19,180][DEBUG][action.search.type       ] [Ulik] [epsi][4], node[u3WbB1oQQRCtmOeFcuACMA], [P], s[STARTED]: Failed to execute [org.elasticsearch.action.search.SearchRequest@1aecdfce] lastShard [true]
org.elasticsearch.search.SearchParseException: [epsi][4]: from[-1],size[-1]: Parse Failure [Failed to parse source [_na_]]
	at org.elasticsearch.search.SearchService.parseSource(SearchService.java:634)
	at org.elasticsearch.search.SearchService.createContext(SearchService.java:507)
	at org.elasticsearch.search.SearchService.createAndPutContext(SearchService.java:480)
	at org.elasticsearch.search.SearchService.executeQueryPhase(SearchService.java:252)
	at org.elasticsearch.search.action.SearchServiceTransportAction.sendExecuteQuery(SearchServiceTransportAction.java:202)
	at org.elasticsearch.action.search.type.TransportSearchQueryThenFetchAction$AsyncAction.sendExecuteFirstPhase(TransportSearchQueryThenFetchAction.java:80)
	at org.elasticsearch.action.search.type.TransportSearchTypeAction$BaseAsyncAction.performFirstPhase(TransportSearchTypeAction.java:216)
	at org.elasticsearch.action.search.type.TransportSearchTypeAction$BaseAsyncAction.performFirstPhase(TransportSearchTypeAction.java:203)
	at org.elasticsearch.action.search.type.TransportSearchTypeAction$BaseAsyncAction$2.run(TransportSearchTypeAction.java:186)
	at java.util.concurrent.ThreadPoolExecutor.runWorker(ThreadPoolExecutor.java:1145)
	at java.util.concurrent.ThreadPoolExecutor$Worker.run(ThreadPoolExecutor.java:615)
	at java.lang.Thread.run(Thread.java:724)
Caused by: org.elasticsearch.ElasticsearchParseException: Failed to derive xcontent from org.elasticsearch.common.bytes.ChannelBufferBytesReference@3c98239
	at org.elasticsearch.common.xcontent.XContentFactory.xContent(XContentFactory.java:234)
	at org.elasticsearch.search.SearchService.parseSource(SearchService.java:612)
	... 11 more
[2014-06-29 14:28:19,180][DEBUG][action.search.type       ] [Ulik] [epsi][2], node[u3WbB1oQQRCtmOeFcuACMA], [P], s[STARTED]: Failed to execute [org.elasticsearch.action.search.SearchRequest@1aecdfce] lastShard [true]
org.elasticsearch.search.SearchParseException: [epsi][2]: from[-1],size[-1]: Parse Failure [Failed to parse source [_na_]]
	at org.elasticsearch.search.SearchService.parseSource(SearchService.java:634)
	at org.elasticsearch.search.SearchService.createContext(SearchService.java:507)
	at org.elasticsearch.search.SearchService.createAndPutContext(SearchService.java:480)
	at org.elasticsearch.search.SearchService.executeQueryPhase(SearchService.java:252)
	at org.elasticsearch.search.action.SearchServiceTransportAction.sendExecuteQuery(SearchServiceTransportAction.java:202)
	at org.elasticsearch.action.search.type.TransportSearchQueryThenFetchAction$AsyncAction.sendExecuteFirstPhase(TransportSearchQueryThenFetchAction.java:80)
	at org.elasticsearch.action.search.type.TransportSearchTypeAction$BaseAsyncAction.performFirstPhase(TransportSearchTypeAction.java:216)
	at org.elasticsearch.action.search.type.TransportSearchTypeAction$BaseAsyncAction.performFirstPhase(TransportSearchTypeAction.java:203)
	at org.elasticsearch.action.search.type.TransportSearchTypeAction$BaseAsyncAction$2.run(TransportSearchTypeAction.java:186)
	at java.util.concurrent.ThreadPoolExecutor.runWorker(ThreadPoolExecutor.java:1145)
	at java.util.concurrent.ThreadPoolExecutor$Worker.run(ThreadPoolExecutor.java:615)
	at java.lang.Thread.run(Thread.java:724)
Caused by: org.elasticsearch.ElasticsearchParseException: Failed to derive xcontent from org.elasticsearch.common.bytes.ChannelBufferBytesReference@3c98239
	at org.elasticsearch.common.xcontent.XContentFactory.xContent(XContentFactory.java:234)
	at org.elasticsearch.search.SearchService.parseSource(SearchService.java:612)
	... 11 more
[2014-06-29 14:28:19,182][DEBUG][action.search.type       ] [Ulik] All shards failed for phase: [query]
